<?xml version="1.0" encoding="UTF-8"?>
<!-- Generated by org.testng.reporters.JUnitReportReporter -->
<testsuite hostname="rahul" failures="0" tests="2" name="testng4.Annotations1" time="0.007" errors="0" timestamp="2023-05-15T20:50:44 IST" skipped="0">
  <testcase classname="testng4.Annotations1" name="openBrowser" time="0.003"/>
  <system-out/>
  <testcase classname="testng4.Annotations1" name="clickButton" time="0.004"/>
  <system-out/>
</testsuite> <!-- testng4.Annotations1 -->
